<?xml version="1.0" encoding="UTF-8"?>
<!-- Generated by org.testng.reporters.JUnitReportReporter -->
<testsuite hostname="Mahesh" name="myPack.Haritha" tests="4" failures="0" timestamp="23 Jun 2020 03:42:26 GMT" time="97.994" errors="0">
  <testcase name="verifyLogin" time="60.529" classname="myPack.Haritha"/>
  <testcase name="deleteEmp" time="0.000" classname="myPack.Haritha"/>
  <testcase name="addEmp" time="37.465" classname="myPack.Haritha"/>
  <testcase name="editEmp" time="0.000" classname="myPack.Haritha"/>
</testsuite> <!-- myPack.Haritha -->
